
> devcocrm@0.1.2 analyze
> ANALYZE=true next build

[baseline-browser-mapping] The data in this module is over two months old.  To ensure accurate Baseline data, please update: `npm i baseline-browser-mapping@latest -D`
[@serwist/next] WARNING: You are using '@serwist/next' with `next dev --turbopack`, but it doesn't support Turbopack. Do one of the following:

- Set `disable` to `process.env.NODE_ENV !== "production"`.

- Use webpack by running `next dev --webpack` instead of `next dev --turbopack`.

- Migrate to '@serwist/turbopack' which has experimental support for Turbopack. See https://serwist.pages.dev/docs/next/turbo for more information.

- Migrate to configurator mode which has support for Turbopack. See https://serwist.pages.dev/docs/next/config for more information. 

Follow https://github.com/serwist/serwist/issues/54 for progress on Serwist + Turbopack. You can also suppress this warning by setting SERWIST_SUPPRESS_TURBOPACK_WARNING=1.

The Next Bundle Analyzer is not compatible with Turbopack builds, no report will be generated.

Consider trying the new Turbopack analyzer via `next experimental-analyze`.

See https://nextjs.org/docs/app/guides/package-bundling for more information

To run this analysis pass the `--webpack` flag to `next build`
   ▲ Next.js 16.0.10 (Turbopack)
   - Environments: .env.local
   - Experiments (use with caution):
     · optimizePackageImports
     · serverActions

   Creating an optimized production build ...
[baseline-browser-mapping] The data in this module is over two months old.  To ensure accurate Baseline data, please update: `npm i baseline-browser-mapping@latest -D`
The Next Bundle Analyzer is not compatible with Turbopack builds, no report will be generated.

Consider trying the new Turbopack analyzer via `next experimental-analyze`.

See https://nextjs.org/docs/app/guides/package-bundling for more information

To run this analysis pass the `--webpack` flag to `next build`

-----
[1m[31mFATAL[39m[0m: An unexpected Turbopack error occurred. A panic log has been written to /var/folders/jn/jss951617k7_5_2xc5ny6jhr0000gn/T/next-panic-6444bfd6577f013cd5bf796f069b6442.log.

To help make Turbopack better, report this error by clicking here: https://github.com/vercel/next.js/discussions/new?category=turbopack-error-report&title=Turbopack%20Error%3A%20%5Bproject%5D%2Fapp%2Fglobals.css%20%5Bapp-client%5D%20%28css%29&body=Turbopack%20version%3A%20%60v16.0.9%60%0ANext.js%20version%3A%20%600.0.0%60%0A%0AError%20message%3A%0A%60%60%60%0ATurbopack%20Error%3A%20%5Bproject%5D%2Fapp%2Fglobals.css%20%5Bapp-client%5D%20%28css%29%0A%60%60%60&labels=Turbopack,Turbopack%20Panic%20Backtrace
-----


> Build error occurred
Error [TurbopackInternalError]: [project]/app/globals.css [app-client] (css)

Caused by:
- creating new process
- binding to a port
- Operation not permitted (os error 1)

Debug info:
- Execution of get_all_written_entrypoints_with_issues_operation failed
- Execution of EntrypointsOperation::new failed
- Execution of all_entrypoints_write_to_disk_operation failed
- Execution of Project::emit_all_output_assets failed
- Execution of *emit_assets failed
- Execution of all_assets_from_entries_operation failed
- Execution of *all_assets_from_entries failed
- Execution of output_assets_operation failed
- Execution of <MiddlewareEndpoint as Endpoint>::output failed
- Execution of MiddlewareEndpoint::output_assets failed
- Execution of MiddlewareEndpoint::node_chunk failed
- Execution of *<NodeJsChunkingContext as ChunkingContext>::entry_chunk_group failed
- Execution of Project::server_chunking_context failed
- Execution of *get_server_chunking_context failed
- Execution of Project::module_ids failed
- Execution of whole_app_module_graph_operation failed
- Execution of *ModuleGraph::from_single_graph failed
- Execution of SingleModuleGraph::new_with_entries failed
- [project]/app/globals.css [app-client] (css)
- Execution of primary_chunkable_referenced_modules failed
- Execution of <CssModuleAsset as Module>::references failed
- Execution of parse_css failed
- Execution of <PostCssTransformedAsset as Asset>::content failed
- Execution of PostCssTransformedAsset::process failed
- Execution of evaluate_webpack_loader failed
- creating new process
- binding to a port
- Operation not permitted (os error 1)
    at <unknown> (TurbopackInternalError: [project]/app/globals.css [app-client] (css)) {
  type: 'TurbopackInternalError',
  location: undefined
}
